기능 구현 및 문제 해결
- [x] 아키텍처 구조 사진 수정
- [ ] 중앙 집중화 로깅 및 배포 프로세스 개선으로 인한 문서 정리
- [x] 데이터베이스 인덱스를 이용하여 성능 개선할 것 탐색 및 개선하기
- [ ] JVM 힙 메모리 스택오버플로우 장애 해결
- [x] 이력서에 복합 인덱스 관련 스펙 작성
- [x] Redis 고도화 학습한 것 직렬화-역직렬화 예제 검증하기

학습
- [ ] AOP 원리 학습
- [ ] 페이지네이션 및 슬라이스 기능 구현 학습
	- [ ] JPA 초기화

학습 키워드
- 커버링 인덱스
- Index Condition PushDown
- @JsonAnyGetter


| 단계                               | 시작 시각  | 종료 시각  | 소요 시간                      | 설명                                                    |
| -------------------------------- | ------ | ------ | -------------------------- | ----------------------------------------------------- |
| 🔽 Index lookup                  | 1.98ms | 2989ms | 약 **2987ms**               | `portfolio_id = 1`인 row 300만 개를 인덱스를 통해 조회            |
| 🔎 Filter (p.create_at <= NOW()) | 2.24ms | 3158ms | 약 **169ms**                | 조회된 row 300만 개에 대해 create_at 조건 필터링                   |
| ↕️ Sort (create_at DESC)         | 4978ms | 5173ms | 약 **2015ms**(시작 시각은 누적 기준) | 필터링된 300만 row를 정렬 (실제 소요는 약 **2015ms = 5173 - 3158**) |

```mysql
-> Limit: 1 row(s)  (cost=303574 rows=1) (actual time=0.237..0.237 rows=1 loops=1)  
    -> Index range scan on p using idx_portfolio_id_create_at over (portfolio_id = 1 AND '2025-05-25 14:44:24.000000' <= create_at < NULL), with index condition: ((p.portfolio_id = 1) and (p.create_at <= <cache>(now())))  (cost=303574 rows=1.45e+6) (actual time=0.224..0.224 rows=1 loops=1)
```